[0.081s] DEBUG:colcon:Command line arguments: ['/usr/bin/colcon', 'build']
[0.081s] DEBUG:colcon:Parsed command line arguments: Namespace(log_base=None, log_level=None, verb_name='build', build_base='build', install_base='install', merge_install=False, symlink_install=False, test_result_base=None, continue_on_error=False, executor='parallel', parallel_workers=8, event_handlers=None, ignore_user_meta=False, metas=['./colcon.meta'], base_paths=['.'], packages_ignore=None, packages_ignore_regex=None, paths=None, packages_up_to=None, packages_up_to_regex=None, packages_above=None, packages_above_and_dependencies=None, packages_above_depth=None, packages_select_by_dep=None, packages_skip_by_dep=None, packages_skip_up_to=None, packages_select_build_failed=False, packages_skip_build_finished=False, packages_select_test_failures=False, packages_skip_test_passed=False, packages_select=None, packages_skip=None, packages_select_regex=None, packages_skip_regex=None, packages_start=None, packages_end=None, allow_overriding=[], cmake_args=None, cmake_target=None, cmake_target_skip_unavailable=False, cmake_clean_cache=False, cmake_clean_first=False, cmake_force_configure=False, ament_cmake_args=None, catkin_cmake_args=None, catkin_skip_building_tests=False, verb_parser=<colcon_defaults.argument_parser.defaults.DefaultArgumentsDecorator object at 0x77ecaa8145e0>, verb_extension=<colcon_core.verb.build.BuildVerb object at 0x77ecaa96d960>, main=<bound method BuildVerb.main of <colcon_core.verb.build.BuildVerb object at 0x77ecaa96d960>>)
[0.193s] Level 1:colcon.colcon_core.package_discovery:discover_packages(colcon_meta) check parameters
[0.194s] Level 1:colcon.colcon_core.package_discovery:discover_packages(recursive) check parameters
[0.194s] Level 1:colcon.colcon_core.package_discovery:discover_packages(ignore) check parameters
[0.194s] Level 1:colcon.colcon_core.package_discovery:discover_packages(path) check parameters
[0.194s] Level 1:colcon.colcon_core.package_discovery:discover_packages(colcon_meta) discover
[0.194s] Level 1:colcon.colcon_core.package_discovery:discover_packages(recursive) discover
[0.194s] INFO:colcon.colcon_core.package_discovery:Crawling recursively for packages in '/home/huzy/My_Manipulator'
[0.194s] Level 1:colcon.colcon_core.package_identification:_identify(.) by extensions ['ignore', 'ignore_ament_install']
[0.194s] Level 1:colcon.colcon_core.package_identification:_identify(.) by extension 'ignore'
[0.194s] Level 1:colcon.colcon_core.package_identification:_identify(.) by extension 'ignore_ament_install'
[0.194s] Level 1:colcon.colcon_core.package_identification:_identify(.) by extensions ['colcon_pkg']
[0.194s] Level 1:colcon.colcon_core.package_identification:_identify(.) by extension 'colcon_pkg'
[0.194s] Level 1:colcon.colcon_core.package_identification:_identify(.) by extensions ['colcon_meta']
[0.194s] Level 1:colcon.colcon_core.package_identification:_identify(.) by extension 'colcon_meta'
[0.194s] Level 1:colcon.colcon_core.package_identification:_identify(.) by extensions ['ros']
[0.194s] Level 1:colcon.colcon_core.package_identification:_identify(.) by extension 'ros'
[0.203s] Level 1:colcon.colcon_core.package_identification:_identify(.) by extensions ['cmake', 'python']
[0.203s] Level 1:colcon.colcon_core.package_identification:_identify(.) by extension 'cmake'
[0.203s] Level 1:colcon.colcon_core.package_identification:_identify(.) by extension 'python'
[0.204s] Level 1:colcon.colcon_core.package_identification:_identify(.) by extensions ['python_setup_py']
[0.204s] Level 1:colcon.colcon_core.package_identification:_identify(.) by extension 'python_setup_py'
[0.204s] Level 1:colcon.colcon_core.package_identification:_identify(build) by extensions ['ignore', 'ignore_ament_install']
[0.204s] Level 1:colcon.colcon_core.package_identification:_identify(build) by extension 'ignore'
[0.204s] Level 1:colcon.colcon_core.package_identification:_identify(build) ignored
[0.204s] Level 1:colcon.colcon_core.package_identification:_identify(install) by extensions ['ignore', 'ignore_ament_install']
[0.204s] Level 1:colcon.colcon_core.package_identification:_identify(install) by extension 'ignore'
[0.204s] Level 1:colcon.colcon_core.package_identification:_identify(install) ignored
[0.204s] Level 1:colcon.colcon_core.package_identification:_identify(log) by extensions ['ignore', 'ignore_ament_install']
[0.204s] Level 1:colcon.colcon_core.package_identification:_identify(log) by extension 'ignore'
[0.204s] Level 1:colcon.colcon_core.package_identification:_identify(log) ignored
[0.204s] Level 1:colcon.colcon_core.package_identification:_identify(src) by extensions ['ignore', 'ignore_ament_install']
[0.204s] Level 1:colcon.colcon_core.package_identification:_identify(src) by extension 'ignore'
[0.204s] Level 1:colcon.colcon_core.package_identification:_identify(src) by extension 'ignore_ament_install'
[0.204s] Level 1:colcon.colcon_core.package_identification:_identify(src) by extensions ['colcon_pkg']
[0.204s] Level 1:colcon.colcon_core.package_identification:_identify(src) by extension 'colcon_pkg'
[0.205s] Level 1:colcon.colcon_core.package_identification:_identify(src) by extensions ['colcon_meta']
[0.205s] Level 1:colcon.colcon_core.package_identification:_identify(src) by extension 'colcon_meta'
[0.205s] Level 1:colcon.colcon_core.package_identification:_identify(src) by extensions ['ros']
[0.205s] Level 1:colcon.colcon_core.package_identification:_identify(src) by extension 'ros'
[0.205s] Level 1:colcon.colcon_core.package_identification:_identify(src) by extensions ['cmake', 'python']
[0.205s] Level 1:colcon.colcon_core.package_identification:_identify(src) by extension 'cmake'
[0.205s] Level 1:colcon.colcon_core.package_identification:_identify(src) by extension 'python'
[0.205s] Level 1:colcon.colcon_core.package_identification:_identify(src) by extensions ['python_setup_py']
[0.205s] Level 1:colcon.colcon_core.package_identification:_identify(src) by extension 'python_setup_py'
[0.205s] Level 1:colcon.colcon_core.package_identification:_identify(src/m5) by extensions ['ignore', 'ignore_ament_install']
[0.205s] Level 1:colcon.colcon_core.package_identification:_identify(src/m5) by extension 'ignore'
[0.205s] Level 1:colcon.colcon_core.package_identification:_identify(src/m5) by extension 'ignore_ament_install'
[0.205s] Level 1:colcon.colcon_core.package_identification:_identify(src/m5) by extensions ['colcon_pkg']
[0.205s] Level 1:colcon.colcon_core.package_identification:_identify(src/m5) by extension 'colcon_pkg'
[0.205s] Level 1:colcon.colcon_core.package_identification:_identify(src/m5) by extensions ['colcon_meta']
[0.205s] Level 1:colcon.colcon_core.package_identification:_identify(src/m5) by extension 'colcon_meta'
[0.205s] Level 1:colcon.colcon_core.package_identification:_identify(src/m5) by extensions ['ros']
[0.205s] Level 1:colcon.colcon_core.package_identification:_identify(src/m5) by extension 'ros'
[0.207s] DEBUG:colcon.colcon_core.package_identification:Package 'src/m5' with type 'ros.ament_cmake' and name 'm5'
[0.207s] Level 1:colcon.colcon_core.package_identification:_identify(src/m5_configure) by extensions ['ignore', 'ignore_ament_install']
[0.208s] Level 1:colcon.colcon_core.package_identification:_identify(src/m5_configure) by extension 'ignore'
[0.208s] Level 1:colcon.colcon_core.package_identification:_identify(src/m5_configure) by extension 'ignore_ament_install'
[0.208s] Level 1:colcon.colcon_core.package_identification:_identify(src/m5_configure) by extensions ['colcon_pkg']
[0.208s] Level 1:colcon.colcon_core.package_identification:_identify(src/m5_configure) by extension 'colcon_pkg'
[0.208s] Level 1:colcon.colcon_core.package_identification:_identify(src/m5_configure) by extensions ['colcon_meta']
[0.208s] Level 1:colcon.colcon_core.package_identification:_identify(src/m5_configure) by extension 'colcon_meta'
[0.208s] Level 1:colcon.colcon_core.package_identification:_identify(src/m5_configure) by extensions ['ros']
[0.208s] Level 1:colcon.colcon_core.package_identification:_identify(src/m5_configure) by extension 'ros'
[0.209s] DEBUG:colcon.colcon_core.package_identification:Package 'src/m5_configure' with type 'ros.ament_cmake' and name 'm5_configure'
[0.209s] Level 1:colcon.colcon_core.package_discovery:discover_packages(recursive) using defaults
[0.209s] Level 1:colcon.colcon_core.package_discovery:discover_packages(ignore) discover
[0.209s] Level 1:colcon.colcon_core.package_discovery:discover_packages(ignore) using defaults
[0.209s] Level 1:colcon.colcon_core.package_discovery:discover_packages(path) discover
[0.209s] Level 1:colcon.colcon_core.package_discovery:discover_packages(path) using defaults
[0.235s] Level 1:colcon.colcon_core.package_discovery:discover_packages(prefix_path) check parameters
[0.235s] Level 1:colcon.colcon_core.package_discovery:discover_packages(prefix_path) discover
[0.237s] DEBUG:colcon.colcon_installed_package_information.package_discovery:Found 2 installed packages in /home/huzy/My_Manipulator/install
[0.238s] DEBUG:colcon.colcon_installed_package_information.package_discovery:Found 392 installed packages in /opt/ros/humble
[0.239s] Level 1:colcon.colcon_core.package_discovery:discover_packages(prefix_path) using defaults
[0.270s] Level 5:colcon.colcon_core.verb:set package 'm5' build argument 'cmake_args' from command line to 'None'
[0.270s] Level 5:colcon.colcon_core.verb:set package 'm5' build argument 'cmake_target' from command line to 'None'
[0.270s] Level 5:colcon.colcon_core.verb:set package 'm5' build argument 'cmake_target_skip_unavailable' from command line to 'False'
[0.270s] Level 5:colcon.colcon_core.verb:set package 'm5' build argument 'cmake_clean_cache' from command line to 'False'
[0.270s] Level 5:colcon.colcon_core.verb:set package 'm5' build argument 'cmake_clean_first' from command line to 'False'
[0.270s] Level 5:colcon.colcon_core.verb:set package 'm5' build argument 'cmake_force_configure' from command line to 'False'
[0.270s] Level 5:colcon.colcon_core.verb:set package 'm5' build argument 'ament_cmake_args' from command line to 'None'
[0.270s] Level 5:colcon.colcon_core.verb:set package 'm5' build argument 'catkin_cmake_args' from command line to 'None'
[0.270s] Level 5:colcon.colcon_core.verb:set package 'm5' build argument 'catkin_skip_building_tests' from command line to 'False'
[0.270s] DEBUG:colcon.colcon_core.verb:Building package 'm5' with the following arguments: {'ament_cmake_args': None, 'build_base': '/home/huzy/My_Manipulator/build/m5', 'catkin_cmake_args': None, 'catkin_skip_building_tests': False, 'cmake_args': None, 'cmake_clean_cache': False, 'cmake_clean_first': False, 'cmake_force_configure': False, 'cmake_target': None, 'cmake_target_skip_unavailable': False, 'install_base': '/home/huzy/My_Manipulator/install/m5', 'merge_install': False, 'path': '/home/huzy/My_Manipulator/src/m5', 'symlink_install': False, 'test_result_base': None}
[0.270s] Level 5:colcon.colcon_core.verb:set package 'm5_configure' build argument 'cmake_args' from command line to 'None'
[0.270s] Level 5:colcon.colcon_core.verb:set package 'm5_configure' build argument 'cmake_target' from command line to 'None'
[0.270s] Level 5:colcon.colcon_core.verb:set package 'm5_configure' build argument 'cmake_target_skip_unavailable' from command line to 'False'
[0.270s] Level 5:colcon.colcon_core.verb:set package 'm5_configure' build argument 'cmake_clean_cache' from command line to 'False'
[0.270s] Level 5:colcon.colcon_core.verb:set package 'm5_configure' build argument 'cmake_clean_first' from command line to 'False'
[0.270s] Level 5:colcon.colcon_core.verb:set package 'm5_configure' build argument 'cmake_force_configure' from command line to 'False'
[0.270s] Level 5:colcon.colcon_core.verb:set package 'm5_configure' build argument 'ament_cmake_args' from command line to 'None'
[0.270s] Level 5:colcon.colcon_core.verb:set package 'm5_configure' build argument 'catkin_cmake_args' from command line to 'None'
[0.270s] Level 5:colcon.colcon_core.verb:set package 'm5_configure' build argument 'catkin_skip_building_tests' from command line to 'False'
[0.270s] DEBUG:colcon.colcon_core.verb:Building package 'm5_configure' with the following arguments: {'ament_cmake_args': None, 'build_base': '/home/huzy/My_Manipulator/build/m5_configure', 'catkin_cmake_args': None, 'catkin_skip_building_tests': False, 'cmake_args': None, 'cmake_clean_cache': False, 'cmake_clean_first': False, 'cmake_force_configure': False, 'cmake_target': None, 'cmake_target_skip_unavailable': False, 'install_base': '/home/huzy/My_Manipulator/install/m5_configure', 'merge_install': False, 'path': '/home/huzy/My_Manipulator/src/m5_configure', 'symlink_install': False, 'test_result_base': None}
[0.271s] INFO:colcon.colcon_core.executor:Executing jobs using 'parallel' executor
[0.272s] DEBUG:colcon.colcon_parallel_executor.executor.parallel:run_until_complete
[0.272s] INFO:colcon.colcon_ros.task.ament_cmake.build:Building ROS package in '/home/huzy/My_Manipulator/src/m5' with build type 'ament_cmake'
[0.272s] INFO:colcon.colcon_cmake.task.cmake.build:Building CMake package in '/home/huzy/My_Manipulator/src/m5'
[0.274s] INFO:colcon.colcon_core.plugin_system:Skipping extension 'colcon_core.shell.bat': Not used on non-Windows systems
[0.274s] INFO:colcon.colcon_core.shell:Skip shell extension 'powershell' for command environment: Not usable outside of PowerShell
[0.274s] DEBUG:colcon.colcon_core.shell:Skip shell extension 'dsv' for command environment
[0.299s] DEBUG:colcon.colcon_core.event_handler.log_command:Invoking command in '/home/huzy/My_Manipulator/build/m5': CMAKE_PREFIX_PATH=${CMAKE_PREFIX_PATH}:/opt/ros/humble /usr/bin/cmake --build /home/huzy/My_Manipulator/build/m5 -- -j8 -l8
[0.387s] DEBUG:colcon.colcon_core.event_handler.log_command:Invoked command in '/home/huzy/My_Manipulator/build/m5' returned '0': CMAKE_PREFIX_PATH=${CMAKE_PREFIX_PATH}:/opt/ros/humble /usr/bin/cmake --build /home/huzy/My_Manipulator/build/m5 -- -j8 -l8
[0.408s] DEBUG:colcon.colcon_core.event_handler.log_command:Invoking command in '/home/huzy/My_Manipulator/build/m5': CMAKE_PREFIX_PATH=${CMAKE_PREFIX_PATH}:/opt/ros/humble /usr/bin/cmake --install /home/huzy/My_Manipulator/build/m5
[0.421s] Level 1:colcon.colcon_core.environment:create_environment_scripts_only(m5)
[0.423s] Level 1:colcon.colcon_core.environment:checking '/home/huzy/My_Manipulator/install/m5' for CMake module files
[0.424s] Level 1:colcon.colcon_core.environment:checking '/home/huzy/My_Manipulator/install/m5' for CMake config files
[0.424s] Level 1:colcon.colcon_core.shell:create_environment_hook('m5', 'cmake_prefix_path')
[0.424s] INFO:colcon.colcon_core.shell:Creating environment hook '/home/huzy/My_Manipulator/install/m5/share/m5/hook/cmake_prefix_path.ps1'
[0.425s] DEBUG:colcon.colcon_core.event_handler.log_command:Invoked command in '/home/huzy/My_Manipulator/build/m5' returned '0': CMAKE_PREFIX_PATH=${CMAKE_PREFIX_PATH}:/opt/ros/humble /usr/bin/cmake --install /home/huzy/My_Manipulator/build/m5
[0.426s] INFO:colcon.colcon_core.shell:Creating environment descriptor '/home/huzy/My_Manipulator/install/m5/share/m5/hook/cmake_prefix_path.dsv'
[0.426s] INFO:colcon.colcon_core.shell:Creating environment hook '/home/huzy/My_Manipulator/install/m5/share/m5/hook/cmake_prefix_path.sh'
[0.427s] Level 1:colcon.colcon_core.environment:checking '/home/huzy/My_Manipulator/install/m5/bin'
[0.427s] Level 1:colcon.colcon_core.environment:checking '/home/huzy/My_Manipulator/install/m5/lib/pkgconfig/m5.pc'
[0.427s] Level 1:colcon.colcon_core.environment:checking '/home/huzy/My_Manipulator/install/m5/lib/python3.10/site-packages'
[0.428s] Level 1:colcon.colcon_core.environment:checking '/home/huzy/My_Manipulator/install/m5/bin'
[0.428s] INFO:colcon.colcon_core.shell:Creating package script '/home/huzy/My_Manipulator/install/m5/share/m5/package.ps1'
[0.429s] INFO:colcon.colcon_core.shell:Creating package descriptor '/home/huzy/My_Manipulator/install/m5/share/m5/package.dsv'
[0.429s] INFO:colcon.colcon_core.shell:Creating package script '/home/huzy/My_Manipulator/install/m5/share/m5/package.sh'
[0.430s] INFO:colcon.colcon_core.shell:Creating package script '/home/huzy/My_Manipulator/install/m5/share/m5/package.bash'
[0.430s] INFO:colcon.colcon_core.shell:Creating package script '/home/huzy/My_Manipulator/install/m5/share/m5/package.zsh'
[0.431s] Level 1:colcon.colcon_core.environment:create_file_with_runtime_dependencies(/home/huzy/My_Manipulator/install/m5/share/colcon-core/packages/m5)
[0.431s] Level 1:colcon.colcon_core.environment:create_environment_scripts_only(m5)
[0.431s] Level 1:colcon.colcon_core.environment:checking '/home/huzy/My_Manipulator/install/m5' for CMake module files
[0.432s] Level 1:colcon.colcon_core.environment:checking '/home/huzy/My_Manipulator/install/m5' for CMake config files
[0.432s] Level 1:colcon.colcon_core.shell:create_environment_hook('m5', 'cmake_prefix_path')
[0.432s] INFO:colcon.colcon_core.shell:Creating environment hook '/home/huzy/My_Manipulator/install/m5/share/m5/hook/cmake_prefix_path.ps1'
[0.433s] INFO:colcon.colcon_core.shell:Creating environment descriptor '/home/huzy/My_Manipulator/install/m5/share/m5/hook/cmake_prefix_path.dsv'
[0.433s] INFO:colcon.colcon_core.shell:Creating environment hook '/home/huzy/My_Manipulator/install/m5/share/m5/hook/cmake_prefix_path.sh'
[0.433s] Level 1:colcon.colcon_core.environment:checking '/home/huzy/My_Manipulator/install/m5/bin'
[0.433s] Level 1:colcon.colcon_core.environment:checking '/home/huzy/My_Manipulator/install/m5/lib/pkgconfig/m5.pc'
[0.434s] Level 1:colcon.colcon_core.environment:checking '/home/huzy/My_Manipulator/install/m5/lib/python3.10/site-packages'
[0.434s] Level 1:colcon.colcon_core.environment:checking '/home/huzy/My_Manipulator/install/m5/bin'
[0.434s] INFO:colcon.colcon_core.shell:Creating package script '/home/huzy/My_Manipulator/install/m5/share/m5/package.ps1'
[0.434s] INFO:colcon.colcon_core.shell:Creating package descriptor '/home/huzy/My_Manipulator/install/m5/share/m5/package.dsv'
[0.435s] INFO:colcon.colcon_core.shell:Creating package script '/home/huzy/My_Manipulator/install/m5/share/m5/package.sh'
[0.435s] INFO:colcon.colcon_core.shell:Creating package script '/home/huzy/My_Manipulator/install/m5/share/m5/package.bash'
[0.436s] INFO:colcon.colcon_core.shell:Creating package script '/home/huzy/My_Manipulator/install/m5/share/m5/package.zsh'
[0.436s] Level 1:colcon.colcon_core.environment:create_file_with_runtime_dependencies(/home/huzy/My_Manipulator/install/m5/share/colcon-core/packages/m5)
[0.437s] INFO:colcon.colcon_ros.task.ament_cmake.build:Building ROS package in '/home/huzy/My_Manipulator/src/m5_configure' with build type 'ament_cmake'
[0.437s] INFO:colcon.colcon_cmake.task.cmake.build:Building CMake package in '/home/huzy/My_Manipulator/src/m5_configure'
[0.437s] INFO:colcon.colcon_core.shell:Skip shell extension 'powershell' for command environment: Not usable outside of PowerShell
[0.438s] DEBUG:colcon.colcon_core.shell:Skip shell extension 'dsv' for command environment
[0.463s] DEBUG:colcon.colcon_core.event_handler.log_command:Invoking command in '/home/huzy/My_Manipulator/build/m5_configure': CMAKE_PREFIX_PATH=/home/huzy/My_Manipulator/install/m5:/home/huzy/My_Manipulator/install/m5_configure:/opt/ros/humble /usr/bin/cmake --build /home/huzy/My_Manipulator/build/m5_configure -- -j8 -l8
[0.560s] DEBUG:colcon.colcon_core.event_handler.log_command:Invoked command in '/home/huzy/My_Manipulator/build/m5_configure' returned '0': CMAKE_PREFIX_PATH=/home/huzy/My_Manipulator/install/m5:/home/huzy/My_Manipulator/install/m5_configure:/opt/ros/humble /usr/bin/cmake --build /home/huzy/My_Manipulator/build/m5_configure -- -j8 -l8
[0.563s] DEBUG:colcon.colcon_core.event_handler.log_command:Invoking command in '/home/huzy/My_Manipulator/build/m5_configure': CMAKE_PREFIX_PATH=/home/huzy/My_Manipulator/install/m5:/home/huzy/My_Manipulator/install/m5_configure:/opt/ros/humble /usr/bin/cmake --install /home/huzy/My_Manipulator/build/m5_configure
[0.584s] Level 1:colcon.colcon_core.environment:create_environment_scripts_only(m5_configure)
[0.584s] DEBUG:colcon.colcon_core.event_handler.log_command:Invoked command in '/home/huzy/My_Manipulator/build/m5_configure' returned '0': CMAKE_PREFIX_PATH=/home/huzy/My_Manipulator/install/m5:/home/huzy/My_Manipulator/install/m5_configure:/opt/ros/humble /usr/bin/cmake --install /home/huzy/My_Manipulator/build/m5_configure
[0.585s] Level 1:colcon.colcon_core.environment:checking '/home/huzy/My_Manipulator/install/m5_configure' for CMake module files
[0.585s] Level 1:colcon.colcon_core.environment:checking '/home/huzy/My_Manipulator/install/m5_configure' for CMake config files
[0.585s] Level 1:colcon.colcon_core.shell:create_environment_hook('m5_configure', 'cmake_prefix_path')
[0.586s] INFO:colcon.colcon_core.shell:Creating environment hook '/home/huzy/My_Manipulator/install/m5_configure/share/m5_configure/hook/cmake_prefix_path.ps1'
[0.586s] INFO:colcon.colcon_core.shell:Creating environment descriptor '/home/huzy/My_Manipulator/install/m5_configure/share/m5_configure/hook/cmake_prefix_path.dsv'
[0.587s] INFO:colcon.colcon_core.shell:Creating environment hook '/home/huzy/My_Manipulator/install/m5_configure/share/m5_configure/hook/cmake_prefix_path.sh'
[0.587s] Level 1:colcon.colcon_core.environment:checking '/home/huzy/My_Manipulator/install/m5_configure/bin'
[0.588s] Level 1:colcon.colcon_core.environment:checking '/home/huzy/My_Manipulator/install/m5_configure/lib/pkgconfig/m5_configure.pc'
[0.588s] Level 1:colcon.colcon_core.environment:checking '/home/huzy/My_Manipulator/install/m5_configure/lib/python3.10/site-packages'
[0.588s] Level 1:colcon.colcon_core.environment:checking '/home/huzy/My_Manipulator/install/m5_configure/bin'
[0.588s] INFO:colcon.colcon_core.shell:Creating package script '/home/huzy/My_Manipulator/install/m5_configure/share/m5_configure/package.ps1'
[0.589s] INFO:colcon.colcon_core.shell:Creating package descriptor '/home/huzy/My_Manipulator/install/m5_configure/share/m5_configure/package.dsv'
[0.589s] INFO:colcon.colcon_core.shell:Creating package script '/home/huzy/My_Manipulator/install/m5_configure/share/m5_configure/package.sh'
[0.589s] INFO:colcon.colcon_core.shell:Creating package script '/home/huzy/My_Manipulator/install/m5_configure/share/m5_configure/package.bash'
[0.590s] INFO:colcon.colcon_core.shell:Creating package script '/home/huzy/My_Manipulator/install/m5_configure/share/m5_configure/package.zsh'
[0.590s] Level 1:colcon.colcon_core.environment:create_file_with_runtime_dependencies(/home/huzy/My_Manipulator/install/m5_configure/share/colcon-core/packages/m5_configure)
[0.591s] Level 1:colcon.colcon_core.environment:create_environment_scripts_only(m5_configure)
[0.591s] Level 1:colcon.colcon_core.environment:checking '/home/huzy/My_Manipulator/install/m5_configure' for CMake module files
[0.592s] Level 1:colcon.colcon_core.environment:checking '/home/huzy/My_Manipulator/install/m5_configure' for CMake config files
[0.592s] Level 1:colcon.colcon_core.shell:create_environment_hook('m5_configure', 'cmake_prefix_path')
[0.592s] INFO:colcon.colcon_core.shell:Creating environment hook '/home/huzy/My_Manipulator/install/m5_configure/share/m5_configure/hook/cmake_prefix_path.ps1'
[0.593s] INFO:colcon.colcon_core.shell:Creating environment descriptor '/home/huzy/My_Manipulator/install/m5_configure/share/m5_configure/hook/cmake_prefix_path.dsv'
[0.593s] INFO:colcon.colcon_core.shell:Creating environment hook '/home/huzy/My_Manipulator/install/m5_configure/share/m5_configure/hook/cmake_prefix_path.sh'
[0.594s] Level 1:colcon.colcon_core.environment:checking '/home/huzy/My_Manipulator/install/m5_configure/bin'
[0.594s] Level 1:colcon.colcon_core.environment:checking '/home/huzy/My_Manipulator/install/m5_configure/lib/pkgconfig/m5_configure.pc'
[0.594s] Level 1:colcon.colcon_core.environment:checking '/home/huzy/My_Manipulator/install/m5_configure/lib/python3.10/site-packages'
[0.594s] Level 1:colcon.colcon_core.environment:checking '/home/huzy/My_Manipulator/install/m5_configure/bin'
[0.594s] INFO:colcon.colcon_core.shell:Creating package script '/home/huzy/My_Manipulator/install/m5_configure/share/m5_configure/package.ps1'
[0.595s] INFO:colcon.colcon_core.shell:Creating package descriptor '/home/huzy/My_Manipulator/install/m5_configure/share/m5_configure/package.dsv'
[0.595s] INFO:colcon.colcon_core.shell:Creating package script '/home/huzy/My_Manipulator/install/m5_configure/share/m5_configure/package.sh'
[0.596s] INFO:colcon.colcon_core.shell:Creating package script '/home/huzy/My_Manipulator/install/m5_configure/share/m5_configure/package.bash'
[0.596s] INFO:colcon.colcon_core.shell:Creating package script '/home/huzy/My_Manipulator/install/m5_configure/share/m5_configure/package.zsh'
[0.597s] Level 1:colcon.colcon_core.environment:create_file_with_runtime_dependencies(/home/huzy/My_Manipulator/install/m5_configure/share/colcon-core/packages/m5_configure)
[0.597s] DEBUG:colcon.colcon_parallel_executor.executor.parallel:closing loop
[0.598s] DEBUG:colcon.colcon_parallel_executor.executor.parallel:loop closed
[0.598s] DEBUG:colcon.colcon_parallel_executor.executor.parallel:run_until_complete finished with '0'
[0.598s] DEBUG:colcon.colcon_core.event_reactor:joining thread
[0.604s] INFO:colcon.colcon_core.plugin_system:Skipping extension 'colcon_notification.desktop_notification.terminal_notifier': Not used on non-Darwin systems
[0.604s] INFO:colcon.colcon_core.plugin_system:Skipping extension 'colcon_notification.desktop_notification.win32': Not used on non-Windows systems
[0.604s] INFO:colcon.colcon_notification.desktop_notification:Sending desktop notification using 'notify2'
[0.621s] DEBUG:colcon.colcon_core.event_reactor:joined thread
[0.621s] INFO:colcon.colcon_core.shell:Creating prefix script '/home/huzy/My_Manipulator/install/local_setup.ps1'
[0.623s] INFO:colcon.colcon_core.shell:Creating prefix util module '/home/huzy/My_Manipulator/install/_local_setup_util_ps1.py'
[0.625s] INFO:colcon.colcon_core.shell:Creating prefix chain script '/home/huzy/My_Manipulator/install/setup.ps1'
[0.626s] INFO:colcon.colcon_core.shell:Creating prefix script '/home/huzy/My_Manipulator/install/local_setup.sh'
[0.627s] INFO:colcon.colcon_core.shell:Creating prefix util module '/home/huzy/My_Manipulator/install/_local_setup_util_sh.py'
[0.628s] INFO:colcon.colcon_core.shell:Creating prefix chain script '/home/huzy/My_Manipulator/install/setup.sh'
[0.629s] INFO:colcon.colcon_core.shell:Creating prefix script '/home/huzy/My_Manipulator/install/local_setup.bash'
[0.629s] INFO:colcon.colcon_core.shell:Creating prefix chain script '/home/huzy/My_Manipulator/install/setup.bash'
[0.631s] INFO:colcon.colcon_core.shell:Creating prefix script '/home/huzy/My_Manipulator/install/local_setup.zsh'
[0.631s] INFO:colcon.colcon_core.shell:Creating prefix chain script '/home/huzy/My_Manipulator/install/setup.zsh'
