[0.016s] Invoking command in '/home/huzy/My_Manipulator/build/m5': CMAKE_PREFIX_PATH=/opt/ros/humble /usr/bin/cmake /home/huzy/My_Manipulator/src/m5 -DCMAKE_INSTALL_PREFIX=/home/huzy/My_Manipulator/install/m5
[0.166s] -- The C compiler identification is GNU 11.4.0
[0.300s] -- The CXX compiler identification is GNU 11.4.0
[0.315s] -- Detecting C compiler ABI info
[0.387s] -- Detecting C compiler ABI info - done
[0.391s] -- Check for working C compiler: /usr/bin/cc - skipped
[0.392s] -- Detecting C compile features
[0.393s] -- Detecting C compile features - done
[0.398s] -- Detecting CXX compiler ABI info
[0.474s] -- Detecting CXX compiler ABI info - done
[0.479s] -- Check for working CXX compiler: /usr/bin/c++ - skipped
[0.479s] -- Detecting CXX compile features
[0.479s] -- Detecting CXX compile features - done
[0.485s] -- Found ament_cmake: 1.3.12 (/opt/ros/humble/share/ament_cmake/cmake)
[0.611s] -- Found Python3: /usr/bin/python3 (found version "3.10.12") found components: Interpreter 
[0.727s] -- Found urdf: 2.6.1 (/opt/ros/humble/share/urdf/cmake)
[0.798s] -- Found xacro: 2.1.1 (/opt/ros/humble/share/xacro/cmake)
[0.801s] -- Found ament_lint_auto: 0.12.14 (/opt/ros/humble/share/ament_lint_auto/cmake)
[0.880s] -- Added test 'copyright' to check source files copyright and LICENSE
[0.884s] -- Added test 'lint_cmake' to check CMake code style
[0.886s] -- Added test 'xmllint' to check XML markup files
[0.888s] -- Configuring done
[0.891s] -- Generating done
[0.892s] -- Build files have been written to: /home/huzy/My_Manipulator/build/m5
[0.900s] Invoked command in '/home/huzy/My_Manipulator/build/m5' returned '0': CMAKE_PREFIX_PATH=/opt/ros/humble /usr/bin/cmake /home/huzy/My_Manipulator/src/m5 -DCMAKE_INSTALL_PREFIX=/home/huzy/My_Manipulator/install/m5
[0.901s] Invoking command in '/home/huzy/My_Manipulator/build/m5': CMAKE_PREFIX_PATH=/opt/ros/humble /usr/bin/cmake --build /home/huzy/My_Manipulator/build/m5 -- -j8 -l8
[0.938s] Invoked command in '/home/huzy/My_Manipulator/build/m5' returned '0': CMAKE_PREFIX_PATH=/opt/ros/humble /usr/bin/cmake --build /home/huzy/My_Manipulator/build/m5 -- -j8 -l8
[0.949s] Invoking command in '/home/huzy/My_Manipulator/build/m5': CMAKE_PREFIX_PATH=/opt/ros/humble /usr/bin/cmake --install /home/huzy/My_Manipulator/build/m5
[0.956s] -- Install configuration: ""
[0.956s] -- Installing: /home/huzy/My_Manipulator/install/m5/share/m5/urdf
[0.956s] -- Installing: /home/huzy/My_Manipulator/install/m5/share/m5/urdf/m5_updated_from_csv.urdf
[0.956s] -- Installing: /home/huzy/My_Manipulator/install/m5/share/m5/meshes
[0.956s] -- Installing: /home/huzy/My_Manipulator/install/m5/share/m5/meshes/Link4.STL
[0.956s] -- Installing: /home/huzy/My_Manipulator/install/m5/share/m5/meshes/Link1.STL
[0.957s] -- Installing: /home/huzy/My_Manipulator/install/m5/share/m5/meshes/LinkGR.STL
[0.957s] -- Installing: /home/huzy/My_Manipulator/install/m5/share/m5/meshes/base_link.STL
[0.957s] -- Installing: /home/huzy/My_Manipulator/install/m5/share/m5/meshes/Link3.STL
[0.957s] -- Installing: /home/huzy/My_Manipulator/install/m5/share/m5/meshes/Link2.STL
[0.957s] -- Installing: /home/huzy/My_Manipulator/install/m5/share/m5/meshes/BottomLink.STL
[0.957s] -- Installing: /home/huzy/My_Manipulator/install/m5/share/m5/meshes/LinkGL.STL
[0.957s] -- Installing: /home/huzy/My_Manipulator/install/m5/share/m5/meshes/LinkGG.STL
[0.958s] -- Installing: /home/huzy/My_Manipulator/install/m5/share/ament_index/resource_index/package_run_dependencies/m5
[0.958s] -- Installing: /home/huzy/My_Manipulator/install/m5/share/ament_index/resource_index/parent_prefix_path/m5
[0.958s] -- Installing: /home/huzy/My_Manipulator/install/m5/share/m5/environment/ament_prefix_path.sh
[0.958s] -- Installing: /home/huzy/My_Manipulator/install/m5/share/m5/environment/ament_prefix_path.dsv
[0.958s] -- Installing: /home/huzy/My_Manipulator/install/m5/share/m5/environment/path.sh
[0.959s] -- Installing: /home/huzy/My_Manipulator/install/m5/share/m5/environment/path.dsv
[0.959s] -- Installing: /home/huzy/My_Manipulator/install/m5/share/m5/local_setup.bash
[0.959s] -- Installing: /home/huzy/My_Manipulator/install/m5/share/m5/local_setup.sh
[0.959s] -- Installing: /home/huzy/My_Manipulator/install/m5/share/m5/local_setup.zsh
[0.959s] -- Installing: /home/huzy/My_Manipulator/install/m5/share/m5/local_setup.dsv
[0.959s] -- Installing: /home/huzy/My_Manipulator/install/m5/share/m5/package.dsv
[0.959s] -- Installing: /home/huzy/My_Manipulator/install/m5/share/ament_index/resource_index/packages/m5
[0.959s] -- Installing: /home/huzy/My_Manipulator/install/m5/share/m5/cmake/m5Config.cmake
[0.959s] -- Installing: /home/huzy/My_Manipulator/install/m5/share/m5/cmake/m5Config-version.cmake
[0.959s] -- Installing: /home/huzy/My_Manipulator/install/m5/share/m5/package.xml
[0.961s] Invoked command in '/home/huzy/My_Manipulator/build/m5' returned '0': CMAKE_PREFIX_PATH=/opt/ros/humble /usr/bin/cmake --install /home/huzy/My_Manipulator/build/m5
