-- Install configuration: ""
-- Up-to-date: /home/huzy/My_Manipulator/install/m5_configure/share/ament_index/resource_index/package_run_dependencies/m5_configure
-- Up-to-date: /home/huzy/My_Manipulator/install/m5_configure/share/ament_index/resource_index/parent_prefix_path/m5_configure
-- Up-to-date: /home/huzy/My_Manipulator/install/m5_configure/share/m5_configure/environment/ament_prefix_path.sh
-- Up-to-date: /home/huzy/My_Manipulator/install/m5_configure/share/m5_configure/environment/ament_prefix_path.dsv
-- Up-to-date: /home/huzy/My_Manipulator/install/m5_configure/share/m5_configure/environment/path.sh
-- Up-to-date: /home/huzy/My_Manipulator/install/m5_configure/share/m5_configure/environment/path.dsv
-- Up-to-date: /home/huzy/My_Manipulator/install/m5_configure/share/m5_configure/local_setup.bash
-- Up-to-date: /home/huzy/My_Manipulator/install/m5_configure/share/m5_configure/local_setup.sh
-- Up-to-date: /home/huzy/My_Manipulator/install/m5_configure/share/m5_configure/local_setup.zsh
-- Up-to-date: /home/huzy/My_Manipulator/install/m5_configure/share/m5_configure/local_setup.dsv
-- Installing: /home/huzy/My_Manipulator/install/m5_configure/share/m5_configure/package.dsv
-- Up-to-date: /home/huzy/My_Manipulator/install/m5_configure/share/ament_index/resource_index/packages/m5_configure
-- Up-to-date: /home/huzy/My_Manipulator/install/m5_configure/share/m5_configure/cmake/m5_configureConfig.cmake
-- Up-to-date: /home/huzy/My_Manipulator/install/m5_configure/share/m5_configure/cmake/m5_configureConfig-version.cmake
-- Up-to-date: /home/huzy/My_Manipulator/install/m5_configure/share/m5_configure/package.xml
-- Up-to-date: /home/huzy/My_Manipulator/install/m5_configure/share/m5_configure/launch
-- Up-to-date: /home/huzy/My_Manipulator/install/m5_configure/share/m5_configure/launch/rsp.launch.py
-- Up-to-date: /home/huzy/My_Manipulator/install/m5_configure/share/m5_configure/launch/static_virtual_joint_tfs.launch.py
-- Up-to-date: /home/huzy/My_Manipulator/install/m5_configure/share/m5_configure/launch/setup_assistant.launch.py
-- Up-to-date: /home/huzy/My_Manipulator/install/m5_configure/share/m5_configure/launch/warehouse_db.launch.py
-- Up-to-date: /home/huzy/My_Manipulator/install/m5_configure/share/m5_configure/launch/moveit_rviz.launch.py
-- Up-to-date: /home/huzy/My_Manipulator/install/m5_configure/share/m5_configure/launch/spawn_controllers.launch.py
-- Up-to-date: /home/huzy/My_Manipulator/install/m5_configure/share/m5_configure/launch/demo.launch.py
-- Up-to-date: /home/huzy/My_Manipulator/install/m5_configure/share/m5_configure/launch/move_group.launch.py
-- Up-to-date: /home/huzy/My_Manipulator/install/m5_configure/share/m5_configure/config
-- Up-to-date: /home/huzy/My_Manipulator/install/m5_configure/share/m5_configure/config/m5.ros2_control.xacro
-- Up-to-date: /home/huzy/My_Manipulator/install/m5_configure/share/m5_configure/config/ros2_controllers.yaml
-- Up-to-date: /home/huzy/My_Manipulator/install/m5_configure/share/m5_configure/config/m5.srdf
-- Installing: /home/huzy/My_Manipulator/install/m5_configure/share/m5_configure/config/joint_limits.yaml
-- Up-to-date: /home/huzy/My_Manipulator/install/m5_configure/share/m5_configure/config/pilz_cartesian_limits.yaml
-- Up-to-date: /home/huzy/My_Manipulator/install/m5_configure/share/m5_configure/config/kinematics.yaml
-- Up-to-date: /home/huzy/My_Manipulator/install/m5_configure/share/m5_configure/config/initial_positions.yaml
-- Up-to-date: /home/huzy/My_Manipulator/install/m5_configure/share/m5_configure/config/m5.urdf.xacro
-- Up-to-date: /home/huzy/My_Manipulator/install/m5_configure/share/m5_configure/config/moveit_controllers.yaml
-- Up-to-date: /home/huzy/My_Manipulator/install/m5_configure/share/m5_configure/config/moveit.rviz
-- Up-to-date: /home/huzy/My_Manipulator/install/m5_configure/share/m5_configure/.setup_assistant
