-- Install configuration: ""
-- Up-to-date: /home/huzy/My_Manipulator/install/m5/share/m5/urdf
-- Up-to-date: /home/huzy/My_Manipulator/install/m5/share/m5/urdf/m5_updated_from_csv.urdf
-- Up-to-date: /home/huzy/My_Manipulator/install/m5/share/m5/meshes
-- Up-to-date: /home/huzy/My_Manipulator/install/m5/share/m5/meshes/Link4.STL
-- Up-to-date: /home/huzy/My_Manipulator/install/m5/share/m5/meshes/Link1.STL
-- Up-to-date: /home/huzy/My_Manipulator/install/m5/share/m5/meshes/LinkGR.STL
-- Up-to-date: /home/huzy/My_Manipulator/install/m5/share/m5/meshes/base_link.STL
-- Up-to-date: /home/huzy/My_Manipulator/install/m5/share/m5/meshes/Link3.STL
-- Up-to-date: /home/huzy/My_Manipulator/install/m5/share/m5/meshes/Link2.STL
-- Up-to-date: /home/huzy/My_Manipulator/install/m5/share/m5/meshes/BottomLink.STL
-- Up-to-date: /home/huzy/My_Manipulator/install/m5/share/m5/meshes/LinkGL.STL
-- Up-to-date: /home/huzy/My_Manipulator/install/m5/share/m5/meshes/LinkGG.STL
-- Up-to-date: /home/huzy/My_Manipulator/install/m5/share/ament_index/resource_index/package_run_dependencies/m5
-- Up-to-date: /home/huzy/My_Manipulator/install/m5/share/ament_index/resource_index/parent_prefix_path/m5
-- Up-to-date: /home/huzy/My_Manipulator/install/m5/share/m5/environment/ament_prefix_path.sh
-- Up-to-date: /home/huzy/My_Manipulator/install/m5/share/m5/environment/ament_prefix_path.dsv
-- Up-to-date: /home/huzy/My_Manipulator/install/m5/share/m5/environment/path.sh
-- Up-to-date: /home/huzy/My_Manipulator/install/m5/share/m5/environment/path.dsv
-- Up-to-date: /home/huzy/My_Manipulator/install/m5/share/m5/local_setup.bash
-- Up-to-date: /home/huzy/My_Manipulator/install/m5/share/m5/local_setup.sh
-- Up-to-date: /home/huzy/My_Manipulator/install/m5/share/m5/local_setup.zsh
-- Up-to-date: /home/huzy/My_Manipulator/install/m5/share/m5/local_setup.dsv
-- Up-to-date: /home/huzy/My_Manipulator/install/m5/share/m5/package.dsv
-- Up-to-date: /home/huzy/My_Manipulator/install/m5/share/ament_index/resource_index/packages/m5
-- Up-to-date: /home/huzy/My_Manipulator/install/m5/share/m5/cmake/m5Config.cmake
-- Up-to-date: /home/huzy/My_Manipulator/install/m5/share/m5/cmake/m5Config-version.cmake
-- Up-to-date: /home/huzy/My_Manipulator/install/m5/share/m5/package.xml
