[0.011s] Invoking command in '/home/huzy/My_Manipulator/build/m5_configure': CMAKE_PREFIX_PATH=${CMAKE_PREFIX_PATH}:/opt/ros/humble /usr/bin/cmake /home/huzy/My_Manipulator/src/m5_configure -DCMAKE_INSTALL_PREFIX=/home/huzy/My_Manipulator/install/m5_configure
[0.066s] -- The C compiler identification is GNU 11.4.0
[0.121s] -- The CXX compiler identification is GNU 11.4.0
[0.129s] -- Detecting C compiler ABI info
[0.202s] -- Detecting C compiler ABI info - done
[0.208s] -- Check for working C compiler: /usr/bin/cc - skipped
[0.208s] -- Detecting C compile features
[0.208s] -- Detecting C compile features - done
[0.210s] -- Detecting CXX compiler ABI info
[0.297s] -- Detecting CXX compiler ABI info - done
[0.302s] -- Check for working CXX compiler: /usr/bin/c++ - skipped
[0.302s] -- Detecting CXX compile features
[0.302s] -- Detecting CXX compile features - done
[0.304s] -- Found ament_cmake: 1.3.12 (/opt/ros/humble/share/ament_cmake/cmake)
[0.451s] -- Found Python3: /usr/bin/python3 (found version "3.10.12") found components: Interpreter 
[0.585s] -- Configuring done
[0.587s] -- Generating done
[0.589s] -- Build files have been written to: /home/huzy/My_Manipulator/build/m5_configure
[0.594s] Invoked command in '/home/huzy/My_Manipulator/build/m5_configure' returned '0': CMAKE_PREFIX_PATH=${CMAKE_PREFIX_PATH}:/opt/ros/humble /usr/bin/cmake /home/huzy/My_Manipulator/src/m5_configure -DCMAKE_INSTALL_PREFIX=/home/huzy/My_Manipulator/install/m5_configure
[0.597s] Invoking command in '/home/huzy/My_Manipulator/build/m5_configure': CMAKE_PREFIX_PATH=${CMAKE_PREFIX_PATH}:/opt/ros/humble /usr/bin/cmake --build /home/huzy/My_Manipulator/build/m5_configure -- -j8 -l8
[0.643s] Invoked command in '/home/huzy/My_Manipulator/build/m5_configure' returned '0': CMAKE_PREFIX_PATH=${CMAKE_PREFIX_PATH}:/opt/ros/humble /usr/bin/cmake --build /home/huzy/My_Manipulator/build/m5_configure -- -j8 -l8
[0.646s] Invoking command in '/home/huzy/My_Manipulator/build/m5_configure': CMAKE_PREFIX_PATH=${CMAKE_PREFIX_PATH}:/opt/ros/humble /usr/bin/cmake --install /home/huzy/My_Manipulator/build/m5_configure
[0.653s] -- Install configuration: ""
[0.653s] -- Installing: /home/huzy/My_Manipulator/install/m5_configure/share/ament_index/resource_index/package_run_dependencies/m5_configure
[0.653s] -- Installing: /home/huzy/My_Manipulator/install/m5_configure/share/ament_index/resource_index/parent_prefix_path/m5_configure
[0.654s] -- Installing: /home/huzy/My_Manipulator/install/m5_configure/share/m5_configure/environment/ament_prefix_path.sh
[0.654s] -- Installing: /home/huzy/My_Manipulator/install/m5_configure/share/m5_configure/environment/ament_prefix_path.dsv
[0.654s] -- Installing: /home/huzy/My_Manipulator/install/m5_configure/share/m5_configure/environment/path.sh
[0.654s] -- Installing: /home/huzy/My_Manipulator/install/m5_configure/share/m5_configure/environment/path.dsv
[0.654s] -- Installing: /home/huzy/My_Manipulator/install/m5_configure/share/m5_configure/local_setup.bash
[0.654s] -- Installing: /home/huzy/My_Manipulator/install/m5_configure/share/m5_configure/local_setup.sh
[0.654s] -- Installing: /home/huzy/My_Manipulator/install/m5_configure/share/m5_configure/local_setup.zsh
[0.654s] -- Installing: /home/huzy/My_Manipulator/install/m5_configure/share/m5_configure/local_setup.dsv
[0.655s] -- Installing: /home/huzy/My_Manipulator/install/m5_configure/share/m5_configure/package.dsv
[0.655s] -- Installing: /home/huzy/My_Manipulator/install/m5_configure/share/ament_index/resource_index/packages/m5_configure
[0.655s] -- Installing: /home/huzy/My_Manipulator/install/m5_configure/share/m5_configure/cmake/m5_configureConfig.cmake
[0.655s] -- Installing: /home/huzy/My_Manipulator/install/m5_configure/share/m5_configure/cmake/m5_configureConfig-version.cmake
[0.655s] -- Installing: /home/huzy/My_Manipulator/install/m5_configure/share/m5_configure/package.xml
[0.655s] -- Installing: /home/huzy/My_Manipulator/install/m5_configure/share/m5_configure/launch
[0.655s] -- Installing: /home/huzy/My_Manipulator/install/m5_configure/share/m5_configure/launch/rsp.launch.py
[0.655s] -- Installing: /home/huzy/My_Manipulator/install/m5_configure/share/m5_configure/launch/static_virtual_joint_tfs.launch.py
[0.655s] -- Installing: /home/huzy/My_Manipulator/install/m5_configure/share/m5_configure/launch/setup_assistant.launch.py
[0.656s] -- Installing: /home/huzy/My_Manipulator/install/m5_configure/share/m5_configure/launch/warehouse_db.launch.py
[0.656s] -- Installing: /home/huzy/My_Manipulator/install/m5_configure/share/m5_configure/launch/moveit_rviz.launch.py
[0.656s] -- Installing: /home/huzy/My_Manipulator/install/m5_configure/share/m5_configure/launch/spawn_controllers.launch.py
[0.656s] -- Installing: /home/huzy/My_Manipulator/install/m5_configure/share/m5_configure/launch/demo.launch.py
[0.656s] -- Installing: /home/huzy/My_Manipulator/install/m5_configure/share/m5_configure/launch/move_group.launch.py
[0.656s] -- Installing: /home/huzy/My_Manipulator/install/m5_configure/share/m5_configure/config
[0.656s] -- Installing: /home/huzy/My_Manipulator/install/m5_configure/share/m5_configure/config/m5.ros2_control.xacro
[0.656s] -- Installing: /home/huzy/My_Manipulator/install/m5_configure/share/m5_configure/config/ros2_controllers.yaml
[0.656s] -- Installing: /home/huzy/My_Manipulator/install/m5_configure/share/m5_configure/config/m5.srdf
[0.656s] -- Installing: /home/huzy/My_Manipulator/install/m5_configure/share/m5_configure/config/joint_limits.yaml
[0.656s] -- Installing: /home/huzy/My_Manipulator/install/m5_configure/share/m5_configure/config/pilz_cartesian_limits.yaml
[0.657s] -- Installing: /home/huzy/My_Manipulator/install/m5_configure/share/m5_configure/config/kinematics.yaml
[0.657s] -- Installing: /home/huzy/My_Manipulator/install/m5_configure/share/m5_configure/config/initial_positions.yaml
[0.657s] -- Installing: /home/huzy/My_Manipulator/install/m5_configure/share/m5_configure/config/m5.urdf.xacro
[0.657s] -- Installing: /home/huzy/My_Manipulator/install/m5_configure/share/m5_configure/config/moveit_controllers.yaml
[0.657s] -- Installing: /home/huzy/My_Manipulator/install/m5_configure/share/m5_configure/config/moveit.rviz
[0.657s] -- Installing: /home/huzy/My_Manipulator/install/m5_configure/share/m5_configure/.setup_assistant
[0.660s] Invoked command in '/home/huzy/My_Manipulator/build/m5_configure' returned '0': CMAKE_PREFIX_PATH=${CMAKE_PREFIX_PATH}:/opt/ros/humble /usr/bin/cmake --install /home/huzy/My_Manipulator/build/m5_configure
